2019-05-22-13:23:26,745 [main]  [org.springframework.core.env.StandardEnvironment] [DEBUG] - Adding [systemProperties] PropertySource with lowest search precedence
2019-05-22-13:23:26,762 [main]  [org.springframework.core.env.StandardEnvironment] [DEBUG] - Adding [systemEnvironment] PropertySource with lowest search precedence
2019-05-22-13:23:26,763 [main]  [org.springframework.core.env.StandardEnvironment] [DEBUG] - Initialized StandardEnvironment with PropertySources [systemProperties,systemEnvironment]
2019-05-22-13:23:26,900 [main]  [org.springframework.context.annotation.AnnotationConfigApplicationContext] [INFO] - Refreshing org.springframework.context.annotation.AnnotationConfigApplicationContext@721e0f4f: startup date [Wed May 22 13:23:26 CST 2019]; root of context hierarchy
2019-05-22-13:23:26,902 [main]  [org.springframework.context.annotation.AnnotationConfigApplicationContext] [DEBUG] - Bean factory for org.springframework.context.annotation.AnnotationConfigApplicationContext@721e0f4f: org.springframework.beans.factory.support.DefaultListableBeanFactory@29ca901e: defining beans [org.springframework.context.annotation.internalConfigurationAnnotationProcessor,org.springframework.context.annotation.internalAutowiredAnnotationProcessor,org.springframework.context.annotation.internalRequiredAnnotationProcessor,org.springframework.context.annotation.internalCommonAnnotationProcessor,org.springframework.context.event.internalEventListenerProcessor,org.springframework.context.event.internalEventListenerFactory,mainConfigBeanTest]; root of factory hierarchy
2019-05-22-13:23:26,926 [main]  [org.springframework.beans.factory.support.DefaultListableBeanFactory] [DEBUG] - Creating shared instance of singleton bean 'org.springframework.context.annotation.internalConfigurationAnnotationProcessor'
2019-05-22-13:23:26,926 [main]  [org.springframework.beans.factory.support.DefaultListableBeanFactory] [DEBUG] - Creating instance of bean 'org.springframework.context.annotation.internalConfigurationAnnotationProcessor'
2019-05-22-13:23:26,954 [main]  [org.springframework.beans.factory.support.DefaultListableBeanFactory] [DEBUG] - Eagerly caching bean 'org.springframework.context.annotation.internalConfigurationAnnotationProcessor' to allow for resolving potential circular references
2019-05-22-13:23:26,958 [main]  [org.springframework.beans.factory.support.DefaultListableBeanFactory] [DEBUG] - Finished creating instance of bean 'org.springframework.context.annotation.internalConfigurationAnnotationProcessor'
2019-05-22-13:23:27,062 [main]  [org.springframework.context.annotation.ConfigurationClassBeanDefinitionReader] [DEBUG] - Registering bean definition for @Bean method com.njupt.config.MainConfigBeanTest.dependency()
2019-05-22-13:23:27,063 [main]  [org.springframework.context.annotation.ConfigurationClassBeanDefinitionReader] [DEBUG] - Registering bean definition for @Bean method com.njupt.config.MainConfigBeanTest.dependency1()
2019-05-22-13:23:27,064 [main]  [org.springframework.context.annotation.ConfigurationClassBeanDefinitionReader] [DEBUG] - Registering bean definition for @Bean method com.njupt.config.MainConfigBeanTest.animal()
2019-05-22-13:23:27,066 [main]  [org.springframework.context.annotation.ConfigurationClassBeanDefinitionReader] [DEBUG] - Registering bean definition for @Bean method com.njupt.config.MainConfigBeanTest.person()
2019-05-22-13:23:27,202 [main]  [org.springframework.context.annotation.ConfigurationClassEnhancer] [DEBUG] - Successfully enhanced com.njupt.config.MainConfigBeanTest; enhanced class name is: com.njupt.config.MainConfigBeanTest$$EnhancerBySpringCGLIB$$7778538a
2019-05-22-13:23:27,202 [main]  [org.springframework.context.annotation.ConfigurationClassPostProcessor] [DEBUG] - Replacing bean definition 'mainConfigBeanTest' existing class 'com.njupt.config.MainConfigBeanTest' with enhanced class 'com.njupt.config.MainConfigBeanTest$$EnhancerBySpringCGLIB$$7778538a'
2019-05-22-13:23:27,205 [main]  [org.springframework.beans.factory.support.DefaultListableBeanFactory] [DEBUG] - Creating shared instance of singleton bean 'org.springframework.context.annotation.internalAutowiredAnnotationProcessor'
2019-05-22-13:23:27,205 [main]  [org.springframework.beans.factory.support.DefaultListableBeanFactory] [DEBUG] - Creating instance of bean 'org.springframework.context.annotation.internalAutowiredAnnotationProcessor'
2019-05-22-13:23:27,207 [main]  [org.springframework.beans.factory.support.DefaultListableBeanFactory] [DEBUG] - Eagerly caching bean 'org.springframework.context.annotation.internalAutowiredAnnotationProcessor' to allow for resolving potential circular references
2019-05-22-13:23:27,253 [main]  [org.springframework.beans.factory.support.DefaultListableBeanFactory] [DEBUG] - Finished creating instance of bean 'org.springframework.context.annotation.internalAutowiredAnnotationProcessor'
2019-05-22-13:23:27,253 [main]  [org.springframework.beans.factory.support.DefaultListableBeanFactory] [DEBUG] - Creating shared instance of singleton bean 'org.springframework.context.annotation.internalRequiredAnnotationProcessor'
2019-05-22-13:23:27,253 [main]  [org.springframework.beans.factory.support.DefaultListableBeanFactory] [DEBUG] - Creating instance of bean 'org.springframework.context.annotation.internalRequiredAnnotationProcessor'
2019-05-22-13:23:27,255 [main]  [org.springframework.beans.factory.support.DefaultListableBeanFactory] [DEBUG] - Eagerly caching bean 'org.springframework.context.annotation.internalRequiredAnnotationProcessor' to allow for resolving potential circular references
2019-05-22-13:23:27,269 [main]  [org.springframework.beans.factory.support.DefaultListableBeanFactory] [DEBUG] - Finished creating instance of bean 'org.springframework.context.annotation.internalRequiredAnnotationProcessor'
2019-05-22-13:23:27,269 [main]  [org.springframework.beans.factory.support.DefaultListableBeanFactory] [DEBUG] - Creating shared instance of singleton bean 'org.springframework.context.annotation.internalCommonAnnotationProcessor'
2019-05-22-13:23:27,269 [main]  [org.springframework.beans.factory.support.DefaultListableBeanFactory] [DEBUG] - Creating instance of bean 'org.springframework.context.annotation.internalCommonAnnotationProcessor'
2019-05-22-13:23:27,302 [main]  [org.springframework.beans.factory.support.DefaultListableBeanFactory] [DEBUG] - Eagerly caching bean 'org.springframework.context.annotation.internalCommonAnnotationProcessor' to allow for resolving potential circular references
2019-05-22-13:23:27,316 [main]  [org.springframework.beans.factory.support.DefaultListableBeanFactory] [DEBUG] - Finished creating instance of bean 'org.springframework.context.annotation.internalCommonAnnotationProcessor'
2019-05-22-13:23:27,321 [main]  [org.springframework.context.annotation.AnnotationConfigApplicationContext] [DEBUG] - Unable to locate MessageSource with name 'messageSource': using default [org.springframework.context.support.DelegatingMessageSource@123f1134]
2019-05-22-13:23:27,326 [main]  [org.springframework.context.annotation.AnnotationConfigApplicationContext] [DEBUG] - Unable to locate ApplicationEventMulticaster with name 'applicationEventMulticaster': using default [org.springframework.context.event.SimpleApplicationEventMulticaster@20d3d15a]
2019-05-22-13:23:27,330 [main]  [org.springframework.beans.factory.support.DefaultListableBeanFactory] [DEBUG] - Pre-instantiating singletons in org.springframework.beans.factory.support.DefaultListableBeanFactory@29ca901e: defining beans [org.springframework.context.annotation.internalConfigurationAnnotationProcessor,org.springframework.context.annotation.internalAutowiredAnnotationProcessor,org.springframework.context.annotation.internalRequiredAnnotationProcessor,org.springframework.context.annotation.internalCommonAnnotationProcessor,org.springframework.context.event.internalEventListenerProcessor,org.springframework.context.event.internalEventListenerFactory,mainConfigBeanTest,dependency,dependency1,animal,person]; root of factory hierarchy
2019-05-22-13:23:27,330 [main]  [org.springframework.beans.factory.support.DefaultListableBeanFactory] [DEBUG] - Returning cached instance of singleton bean 'org.springframework.context.annotation.internalConfigurationAnnotationProcessor'
2019-05-22-13:23:27,331 [main]  [org.springframework.beans.factory.support.DefaultListableBeanFactory] [DEBUG] - Returning cached instance of singleton bean 'org.springframework.context.annotation.internalAutowiredAnnotationProcessor'
2019-05-22-13:23:27,331 [main]  [org.springframework.beans.factory.support.DefaultListableBeanFactory] [DEBUG] - Returning cached instance of singleton bean 'org.springframework.context.annotation.internalRequiredAnnotationProcessor'
2019-05-22-13:23:27,331 [main]  [org.springframework.beans.factory.support.DefaultListableBeanFactory] [DEBUG] - Returning cached instance of singleton bean 'org.springframework.context.annotation.internalCommonAnnotationProcessor'
2019-05-22-13:23:27,331 [main]  [org.springframework.beans.factory.support.DefaultListableBeanFactory] [DEBUG] - Creating shared instance of singleton bean 'org.springframework.context.event.internalEventListenerProcessor'
2019-05-22-13:23:27,331 [main]  [org.springframework.beans.factory.support.DefaultListableBeanFactory] [DEBUG] - Creating instance of bean 'org.springframework.context.event.internalEventListenerProcessor'
2019-05-22-13:23:27,344 [main]  [org.springframework.beans.factory.support.DefaultListableBeanFactory] [DEBUG] - Eagerly caching bean 'org.springframework.context.event.internalEventListenerProcessor' to allow for resolving potential circular references
2019-05-22-13:23:27,349 [main]  [org.springframework.beans.factory.support.DefaultListableBeanFactory] [DEBUG] - Finished creating instance of bean 'org.springframework.context.event.internalEventListenerProcessor'
2019-05-22-13:23:27,356 [main]  [org.springframework.beans.factory.support.DefaultListableBeanFactory] [DEBUG] - Creating shared instance of singleton bean 'org.springframework.context.event.internalEventListenerFactory'
2019-05-22-13:23:27,357 [main]  [org.springframework.beans.factory.support.DefaultListableBeanFactory] [DEBUG] - Creating instance of bean 'org.springframework.context.event.internalEventListenerFactory'
2019-05-22-13:23:27,359 [main]  [org.springframework.beans.factory.support.DefaultListableBeanFactory] [DEBUG] - Eagerly caching bean 'org.springframework.context.event.internalEventListenerFactory' to allow for resolving potential circular references
2019-05-22-13:23:27,364 [main]  [org.springframework.beans.factory.support.DefaultListableBeanFactory] [DEBUG] - Finished creating instance of bean 'org.springframework.context.event.internalEventListenerFactory'
2019-05-22-13:23:27,364 [main]  [org.springframework.beans.factory.support.DefaultListableBeanFactory] [DEBUG] - Creating shared instance of singleton bean 'mainConfigBeanTest'
2019-05-22-13:23:27,364 [main]  [org.springframework.beans.factory.support.DefaultListableBeanFactory] [DEBUG] - Creating instance of bean 'mainConfigBeanTest'
2019-05-22-13:23:27,366 [main]  [org.springframework.beans.factory.support.DefaultListableBeanFactory] [DEBUG] - Eagerly caching bean 'mainConfigBeanTest' to allow for resolving potential circular references
2019-05-22-13:23:27,374 [main]  [org.springframework.beans.factory.support.DefaultListableBeanFactory] [DEBUG] - Finished creating instance of bean 'mainConfigBeanTest'
2019-05-22-13:23:27,375 [main]  [org.springframework.beans.factory.support.DefaultListableBeanFactory] [DEBUG] - Creating shared instance of singleton bean 'dependency1'
2019-05-22-13:23:27,375 [main]  [org.springframework.beans.factory.support.DefaultListableBeanFactory] [DEBUG] - Creating instance of bean 'dependency1'
2019-05-22-13:23:27,378 [main]  [org.springframework.beans.factory.support.DefaultListableBeanFactory] [DEBUG] - Returning cached instance of singleton bean 'mainConfigBeanTest'
2019-05-22-13:23:27,409 [main]  [org.springframework.beans.factory.support.DefaultListableBeanFactory] [DEBUG] - Eagerly caching bean 'dependency1' to allow for resolving potential circular references
2019-05-22-13:23:27,412 [main]  [org.springframework.beans.factory.support.DefaultListableBeanFactory] [DEBUG] - Finished creating instance of bean 'dependency1'
2019-05-22-13:23:27,412 [main]  [org.springframework.beans.factory.support.DefaultListableBeanFactory] [DEBUG] - Creating shared instance of singleton bean 'animal'
2019-05-22-13:23:27,412 [main]  [org.springframework.beans.factory.support.DefaultListableBeanFactory] [DEBUG] - Creating instance of bean 'animal'
2019-05-22-13:23:27,412 [main]  [org.springframework.beans.factory.support.DefaultListableBeanFactory] [DEBUG] - Returning cached instance of singleton bean 'mainConfigBeanTest'
2019-05-22-13:23:27,413 [main]  [org.springframework.beans.factory.support.DefaultListableBeanFactory] [DEBUG] - Eagerly caching bean 'animal' to allow for resolving potential circular references
2019-05-22-13:23:27,416 [main]  [org.springframework.beans.factory.support.DefaultListableBeanFactory] [DEBUG] - Finished creating instance of bean 'animal'
2019-05-22-13:23:27,416 [main]  [org.springframework.beans.factory.support.DefaultListableBeanFactory] [DEBUG] - Creating shared instance of singleton bean 'person'
2019-05-22-13:23:27,416 [main]  [org.springframework.beans.factory.support.DefaultListableBeanFactory] [DEBUG] - Creating instance of bean 'person'
2019-05-22-13:23:27,416 [main]  [org.springframework.beans.factory.support.DefaultListableBeanFactory] [DEBUG] - Returning cached instance of singleton bean 'mainConfigBeanTest'
2019-05-22-13:23:27,417 [main]  [org.springframework.beans.factory.support.DefaultListableBeanFactory] [DEBUG] - Eagerly caching bean 'person' to allow for resolving potential circular references
2019-05-22-13:23:27,419 [main]  [org.springframework.beans.factory.support.DefaultListableBeanFactory] [DEBUG] - Finished creating instance of bean 'person'
2019-05-22-13:23:27,419 [main]  [org.springframework.beans.factory.support.DefaultListableBeanFactory] [DEBUG] - Returning cached instance of singleton bean 'org.springframework.context.event.internalEventListenerFactory'
2019-05-22-13:23:27,452 [main]  [org.springframework.context.annotation.AnnotationConfigApplicationContext] [DEBUG] - Unable to locate LifecycleProcessor with name 'lifecycleProcessor': using default [org.springframework.context.support.DefaultLifecycleProcessor@6b19b79]
2019-05-22-13:23:27,452 [main]  [org.springframework.beans.factory.support.DefaultListableBeanFactory] [DEBUG] - Returning cached instance of singleton bean 'lifecycleProcessor'
2019-05-22-13:23:27,459 [main]  [org.springframework.core.env.PropertySourcesPropertyResolver] [DEBUG] - Could not find key 'spring.liveBeansView.mbeanDomain' in any property source
2019-05-22-13:23:27,461 [main]  [org.springframework.beans.factory.support.DefaultListableBeanFactory] [DEBUG] - Returning cached instance of singleton bean 'dependency1'
2019-05-22-13:24:57,076 [main]  [com.njupt.mapper.UserInfoMapper.getUserinfo] [DEBUG] - ==>  Preparing: select * from user_inf where id = ? 
2019-05-22-13:24:57,125 [main]  [com.njupt.mapper.UserInfoMapper.getUserinfo] [DEBUG] - ==> Parameters: 1(Integer)
2019-05-22-13:24:57,187 [main]  [com.njupt.mapper.UserInfoMapper.getUserinfo] [DEBUG] - <==      Total: 1
