2019-05-30-17:16:50,131 [main]  [com.njupt.mapper.GroupMapper] [DEBUG] - Cache Hit Ratio [com.njupt.mapper.GroupMapper]: 0.0
2019-05-30-17:16:50,564 [main]  [com.njupt.mapper.GroupMapper.select] [DEBUG] - ==>  Preparing: select * from user_inf where id = ? 
2019-05-30-17:16:50,606 [main]  [com.njupt.mapper.GroupMapper.select] [DEBUG] - ==> Parameters: 1(Integer)
2019-05-30-17:16:50,634 [main]  [com.njupt.mapper.GroupMapper.select] [DEBUG] - <==      Total: 1
2019-05-30-17:27:50,261 [main]  [com.njupt.mapper.GroupMapper] [DEBUG] - Cache Hit Ratio [com.njupt.mapper.GroupMapper]: 0.0
2019-05-30-17:27:50,774 [main]  [com.njupt.mapper.GroupMapper.select] [DEBUG] - ==>  Preparing: select * from user_inf where id = 1 
2019-05-30-17:27:50,819 [main]  [com.njupt.mapper.GroupMapper.select] [DEBUG] - ==> Parameters: 
2019-05-30-17:27:50,915 [main]  [com.njupt.mapper.GroupMapper.select] [DEBUG] - <==      Total: 1
2019-05-30-17:28:04,297 [main]  [com.njupt.mapper.GroupMapper] [DEBUG] - Cache Hit Ratio [com.njupt.mapper.GroupMapper]: 0.0
2019-05-30-17:28:04,666 [main]  [com.njupt.mapper.GroupMapper.select] [DEBUG] - ==>  Preparing: select * from user_inf where id = ? 
2019-05-30-17:28:04,699 [main]  [com.njupt.mapper.GroupMapper.select] [DEBUG] - ==> Parameters: 1(Integer)
2019-05-30-17:28:04,728 [main]  [com.njupt.mapper.GroupMapper.select] [DEBUG] - <==      Total: 1
2019-05-30-17:41:10,979 [main]  [com.njupt.mapper.GroupMapper] [DEBUG] - Cache Hit Ratio [com.njupt.mapper.GroupMapper]: 0.0
2019-05-30-17:41:11,382 [main]  [com.njupt.mapper.GroupMapper.selectByname] [DEBUG] - ==>  Preparing: select * from user_inf where uname LIKE concat(concat('%',?),'%') 
2019-05-30-17:41:11,429 [main]  [com.njupt.mapper.GroupMapper.selectByname] [DEBUG] - ==> Parameters: es(String)
2019-05-30-17:41:11,457 [main]  [com.njupt.mapper.GroupMapper.selectByname] [DEBUG] - <==      Total: 1
2019-05-30-17:41:23,830 [main]  [com.njupt.mapper.GroupMapper] [DEBUG] - Cache Hit Ratio [com.njupt.mapper.GroupMapper]: 0.0
2019-05-30-17:41:24,275 [main]  [com.njupt.mapper.GroupMapper.selectByname] [DEBUG] - ==>  Preparing: select * from user_inf where uname LIKE concat(concat('%',?),'%') 
2019-05-30-17:41:24,323 [main]  [com.njupt.mapper.GroupMapper.selectByname] [DEBUG] - ==> Parameters: (String)
2019-05-30-17:41:24,350 [main]  [com.njupt.mapper.GroupMapper.selectByname] [DEBUG] - <==      Total: 2
2019-05-30-17:41:50,351 [main]  [com.njupt.mapper.GroupMapper] [DEBUG] - Cache Hit Ratio [com.njupt.mapper.GroupMapper]: 0.0
2019-05-30-17:41:50,774 [main]  [com.njupt.mapper.GroupMapper.testbind] [DEBUG] - ==>  Preparing: select * from user_inf where uname LIKE ? 
2019-05-30-17:41:50,823 [main]  [com.njupt.mapper.GroupMapper.testbind] [DEBUG] - ==> Parameters: %%(String)
2019-05-30-17:41:50,857 [main]  [com.njupt.mapper.GroupMapper.testbind] [DEBUG] - <==      Total: 2
